        -:    0:Source:C:/Users/navid/CLionProjects/ProjectTT/src/GameEngine/Ball.cpp
        -:    0:Graph:C:\Users\navid\CLionProjects\ProjectTT\cmake-build-debug-coverage\CMakeFiles\ProjectTT.dir\src\GameEngine\Ball.cpp.gcno
        -:    0:Data:C:\Users\navid\CLionProjects\ProjectTT\cmake-build-debug-coverage\CMakeFiles\ProjectTT.dir\src\GameEngine\Ball.cpp.gcda
        -:    0:Runs:1
        -:    0:Programs:1
        -:    1://
        -:    2:// Created by navid on 15/05/2021.
        -:    3://
        -:    4:
        -:    5:#include "GameEngine/Ball.h"
        -:    6:
function _ZN4BallC2EddPFvPS_E called 0 returned 0% blocks executed 0%
    #####:    7:Ball::Ball(double x, double y, BallTrajectory ballTrajectory) :
        -:    8:        _x(x),
        -:    9:        _y(y),
    #####:   10:        _ballTrajectory(ballTrajectory){
    %%%%%:   10-block  0
call    0 never executed
call    1 never executed
branch  2 never executed
branch  3 never executed
    %%%%%:   10-block  1
call    4 never executed
    $$$$$:   10-block  2
call    5 never executed
    #####:   11:    _x0 = x;
    #####:   12:    _y0 = y;
    #####:   13:    _xv0 = 0;
    #####:   14:    _yv0 = 0;
    #####:   15:}
        -:   16:
function _ZN4BallC2Ev called 1 returned 100% blocks executed 71%
        1:   17:Ball::Ball() :
        -:   18:        _x(0),
        -:   19:        _y(0),
        1:   20:        _ballTrajectory(drop){
        1:   20-block  0
call    0 returned 1
call    1 returned 1
branch  2 taken 1 (fallthrough)
branch  3 taken 0 (throw)
        1:   20-block  1
call    4 returned 1
    $$$$$:   20-block  2
call    5 never executed
        1:   21:    _x0 = _x;
        1:   22:    _y0 = _y;
        1:   23:    _xv0 = 0;
        1:   24:    _yv0 = 0;
        1:   25:}
        -:   26:
function _ZNK4Ball4isInEdddd called 1 returned 100% blocks executed 88%
        1:   27:bool Ball::isIn(double a, double b, double c, double d) const {
        2:   28:    return a <= _x &&
        1:   29:    _x <= c &&
        1:   29-block  0
branch  0 taken 1 (fallthrough)
branch  1 taken 0
       3*:   30:    b <= _y &&
        1:   30-block  0
branch  0 taken 1 (fallthrough)
branch  1 taken 0
        1:   30-block  1
branch  2 taken 1 (fallthrough)
branch  3 taken 0
        1:   30-block  2
    %%%%%:   30-block  3
        2:   31:    _y <= d;
        1:   31-block  0
branch  0 taken 1 (fallthrough)
branch  1 taken 0
        1:   31-block  1
        -:   32:}
        -:   33:
function _ZN4Ball9newHitboxEP6Hitbox called 1 returned 100% blocks executed 78%
        1:   34:void Ball::newHitbox(Hitbox *hitbox) {
        1:   35:    std::cout << "new hitbox hit: " + _currentHitboxName << std::endl;
        1:   35-block  0
call    0 returned 1
call    1 returned 1
branch  2 taken 1 (fallthrough)
branch  3 taken 0 (throw)
        1:   35-block  1
call    4 returned 1
branch  5 taken 1 (fallthrough)
branch  6 taken 0 (throw)
        1:   35-block  2
call    7 returned 1
    $$$$$:   35-block  3
call    8 never executed
        1:   36:    hitbox->effect(this);
call    0 returned 1
        1:   37:}
        -:   38:
function _ZNK4Ball20getCurrentHitboxNameB5cxx11Ev called 429 returned 100% blocks executed 100%
      429:   39:const string &Ball::getCurrentHitboxName() const {
      429:   40:    return _currentHitboxName;
      429:   40-block  0
        -:   41:}
        -:   42:
function _ZNK4Ball4getTEv called 430 returned 100% blocks executed 100%
      430:   43:double Ball::getT() const {
      430:   44:    return _t;
      430:   44-block  0
        -:   45:}
        -:   46:
function _ZN4Ball4moveEv called 430 returned 100% blocks executed 100%
      430:   47:void Ball::move() {
      430:   48:    _ballTrajectory(this);
      430:   48-block  0
call    0 returned 430
      430:   49:}
        -:   50:
function _ZN4Ball5debugEv called 0 returned 0% blocks executed 0%
    #####:   51:void Ball::debug() {
    #####:   52:    std::cout << "(" << this<< ") " << _x << " : " << _y << std::endl;
    %%%%%:   52-block  0
call    0 never executed
call    1 never executed
call    2 never executed
call    3 never executed
call    4 never executed
call    5 never executed
call    6 never executed
    #####:   53:    std::cout << "                              (" << this<< ") " << "v0 = " << _xv0 << " : " << _yv0 << std::endl;
call    0 never executed
call    1 never executed
call    2 never executed
call    3 never executed
call    4 never executed
call    5 never executed
call    6 never executed
call    7 never executed
    #####:   54:}
        -:   55:
function _ZN4BallppEi called 429 returned 100% blocks executed 100%
      429:   56:void Ball::operator++(int i) {
      429:   57:    _t += DELTA_T;
      429:   58:}
        -:   59:
function _ZN4BallpLEd called 1 returned 100% blocks executed 100%
        1:   60:void Ball::operator+=(double i) {
        1:   61:    _t += i;
        1:   62:}
        -:   63:
function _ZN4Ball20setCurrentHitboxNameERKNSt7__cxx1112basic_stringIcSt11char_traitsIcESaIcEEE called 1 returned 100% blocks executed 100%
        1:   64:void Ball::setCurrentHitboxName(const string &currentHitboxName) {
        1:   65:    _currentHitboxName = currentHitboxName;
        1:   65-block  0
call    0 returned 1
        1:   66:}
        -:   67:
function _ZN4Ball17setBallTrajectoryEPFvPS_E called 1 returned 100% blocks executed 100%
        1:   68:void Ball::setBallTrajectory(void (*ballTrajectory)(Ball *)) {
        1:   69:    _ballTrajectory = ballTrajectory;
        1:   70:}
        -:   71:
function _ZN4Ball5setV0Ev called 1 returned 100% blocks executed 75%
        1:   72:void Ball::setV0() {
        1:   73:    Ball aux = *this;
        1:   73-block  0
call    0 returned 1
branch  1 taken 1 (fallthrough)
branch  2 taken 0 (throw)
    $$$$$:   73-block  1
call    3 never executed
        1:   74:    aux+= 0.0001;
        1:   74-block  0
call    0 returned 1
        1:   75:    aux.move();
call    0 returned 1
branch  1 taken 1 (fallthrough)
branch  2 taken 0 (throw)
        1:   76:    _xv0 = (aux._x - _x) / 0.0001;
        1:   77:    _yv0 = (aux._y - _y) / 0.0001;
        1:   77-block  0
call    0 returned 1
        1:   78:}
