        -:    0:Source:C:/Users/navid/CLionProjects/ProjectTT/src/DisplayerSource.cpp
        -:    0:Graph:C:\Users\navid\CLionProjects\ProjectTT\cmake-build-debug-coverage\CMakeFiles\ProjectTT.dir\src\DisplayerSource.cpp.gcno
        -:    0:Data:C:\Users\navid\CLionProjects\ProjectTT\cmake-build-debug-coverage\CMakeFiles\ProjectTT.dir\src\DisplayerSource.cpp.gcda
        -:    0:Runs:1
        -:    0:Programs:1
        -:    1://
        -:    2:// Created by navid on 22/05/2021.
        -:    3://
        -:    4:
        -:    5:#include "DisplayerSource.h"
        -:    6:
function _ZN15DisplayerSourceC2EP19DisplayerConnection called 1 returned 100% blocks executed 100%
        1:    7:DisplayerSource::DisplayerSource(DisplayerConnection* displayerConnection) :
        1:    8:_displayerConnection(displayerConnection){
        -:    9:
        1:   10:}
