        -:    0:Source:C:/Users/navid/CLionProjects/ProjectTT/src/DisplayerConnection.cpp
        -:    0:Graph:C:\Users\navid\CLionProjects\ProjectTT\cmake-build-debug-coverage\CMakeFiles\ProjectTT.dir\src\DisplayerConnection.cpp.gcno
        -:    0:Data:C:\Users\navid\CLionProjects\ProjectTT\cmake-build-debug-coverage\CMakeFiles\ProjectTT.dir\src\DisplayerConnection.cpp.gcda
        -:    0:Runs:1
        -:    0:Programs:1
        -:    1://
        -:    2:// Created by navid on 22/05/2021.
        -:    3://
        -:    4:
        -:    5:#include "DisplayerConnection.h"
        -:    6:
function _ZN19DisplayerConnectionC2EP6Window called 1 returned 100% blocks executed 58%
        1:    7:DisplayerConnection::DisplayerConnection(Window* window) :
        1:    8:_window(window)
        1:    8-block  0
call    0 returned 1
call    1 returned 1
branch  2 taken 1 (fallthrough)
branch  3 taken 0 (throw)
    $$$$$:    8-block  1
call    4 never executed
    $$$$$:    8-block  2
call    5 never executed
        -:    9:{
        1:   10:    _thread = std::thread(&DisplayerConnection::start, this);
        1:   10-block  0
call    0 returned 1
branch  1 taken 1 (fallthrough)
branch  2 taken 0 (throw)
        1:   10-block  1
call    3 returned 1
call    4 returned 1
    $$$$$:   10-block  2
    $$$$$:   10-block  3
        1:   11:}
        -:   12:
function _ZN19DisplayerConnection5startEv called 1 returned 100% blocks executed 87%
390317814:   13:void DisplayerConnection::start() {
390317814:   14:    while (_boolThread) {
390317814:   14-block  0
branch  0 taken 390317813 (fallthrough)
branch  1 taken 1
390317813:   14-block  1
390318671:   15:        while (! _queue.empty()) {
390318671:   15-block  0
call    0 returned 390318671
branch  1 taken 858 (fallthrough)
branch  2 taken 390317813
      858:   16:            std::cout << _queue.front().str() << std::endl;
      858:   16-block  0
call    0 returned 858
call    1 returned 858
call    2 returned 858
branch  3 taken 858 (fallthrough)
branch  4 taken 0 (throw)
      858:   16-block  1
call    5 returned 858
branch  6 taken 858 (fallthrough)
branch  7 taken 0 (throw)
      858:   16-block  2
call    8 returned 858
    $$$$$:   16-block  3
call    9 never executed
      858:   17:            _queue.pop();
call    0 returned 858
        -:   18:        }
        -:   19:    }
        1:   20:}
        1:   20-block  0
        -:   21:
function _ZN19DisplayerConnection4stopEv called 1 returned 100% blocks executed 100%
        1:   22:void DisplayerConnection::stop() {
        1:   23:    _boolThread = false;
        1:   24:    _thread.join();
        1:   24-block  0
call    0 returned 1
        1:   25:}
        -:   26:
function _ZN19DisplayerConnectionD2Ev called 1 returned 100% blocks executed 100%
        1:   27:DisplayerConnection::~DisplayerConnection() {
call    0 returned 1
call    1 returned 1
        1:   28:    stop();
        1:   28-block  0
call    0 returned 1
        1:   29:}
        -:   30:
function _ZN19DisplayerConnection7receiveENSt7__cxx1112basic_stringIcSt11char_traitsIcESaIcEEE called 858 returned 100% blocks executed 71%
      858:   31:void DisplayerConnection::receive(std::string s) {
      858:   32:    _queue.push(std::istringstream(s));
      858:   32-block  0
call    0 returned 858
call    1 returned 858
branch  2 taken 858 (fallthrough)
branch  3 taken 0 (throw)
      858:   32-block  1
call    4 returned 858
    $$$$$:   32-block  2
call    5 never executed
      858:   33:}
        -:   34:
function _ZN19DisplayerConnection13chooseDisplayENSt7__cxx1119basic_istringstreamIcSt11char_traitsIcESaIcEEE called 0 returned 0% blocks executed 0%
    #####:   35:void DisplayerConnection::chooseDisplay(std::istringstream s) {
    #####:   36:    if (s.str().size() == 0) {
    %%%%%:   36-block  0
call    0 never executed
call    1 never executed
call    2 never executed
branch  3 never executed
branch  4 never executed
    #####:   37:        _window->refresh();
    %%%%%:   37-block  0
call    0 never executed
        -:   38:    } else {
        -:   39:        char name[50];
        -:   40:        double a, b;
    #####:   41:        sscanf(s.str().c_str(), "%s %f %f",name, a, b);
    %%%%%:   41-block  0
call    0 never executed
branch  1 never executed
branch  2 never executed
    %%%%%:   41-block  1
call    3 never executed
call    4 never executed
branch  5 never executed
branch  6 never executed
    %%%%%:   41-block  2
call    7 never executed
    $$$$$:   41-block  3
call    8 never executed
    $$$$$:   41-block  4
    #####:   42:        _window->drawIMG((int)a, (int) b, std::string(name) + ".png");
call    0 never executed
call    1 never executed
branch  2 never executed
branch  3 never executed
    %%%%%:   42-block  0
call    4 never executed
branch  5 never executed
branch  6 never executed
    %%%%%:   42-block  1
call    7 never executed
branch  8 never executed
branch  9 never executed
    %%%%%:   42-block  2
call   10 never executed
call   11 never executed
call   12 never executed
    $$$$$:   42-block  3
call   13 never executed
    $$$$$:   42-block  4
    $$$$$:   42-block  5
call   14 never executed
    $$$$$:   42-block  6
    $$$$$:   42-block  7
call   15 never executed
    $$$$$:   42-block  8
        -:   43:    }
    #####:   44:}
    %%%%%:   44-block  0
