        -:    0:Source:C:/Users/navid/CLionProjects/ProjectTT/src/GameEngine/Hitbox.cpp
        -:    0:Graph:C:\Users\navid\CLionProjects\ProjectTT\cmake-build-debug-coverage\CMakeFiles\ProjectTT.dir\src\GameEngine\Hitbox.cpp.gcno
        -:    0:Data:C:\Users\navid\CLionProjects\ProjectTT\cmake-build-debug-coverage\CMakeFiles\ProjectTT.dir\src\GameEngine\Hitbox.cpp.gcda
        -:    0:Runs:1
        -:    0:Programs:1
        -:    1://
        -:    2:// Created by navid on 14/05/2021.
        -:    3://
        -:    4:
        -:    5:#include "GameEngine/Hitbox.h"
        -:    6:
        -:    7:using namespace std;
        -:    8:
function _ZN6HitboxC2EddddbP12HitboxEffect called 1 returned 100% blocks executed 100%
        1:    9:Hitbox::Hitbox(double a,double b,double c,double d, bool background, HitboxEffect* hitboxEffect):
        -:   10:_a(a),
        -:   11:_b(b),
        -:   12:_c(c),
        -:   13:_d(d),
        -:   14:_background(background),
        1:   15:_hitboxEffect(hitboxEffect)
        1:   15-block  0
call    0 returned 1
        -:   16:{
        -:   17:
        1:   18:}
        -:   19:
function _ZN6HitboxD2Ev called 1 returned 100% blocks executed 100%
        1:   20:Hitbox::~Hitbox() {
        1:   20-block  0
call    0 returned 1
        -:   21:    //std::cout << "Hitbox détruite !" << std::endl;
        1:   22:}
        -:   23:
function _ZNK6Hitbox4getAEv called 1 returned 100% blocks executed 100%
        1:   24:double Hitbox::getA() const {
        1:   25:    return _a;
        1:   25-block  0
        -:   26:}
        -:   27:
function _ZNK6Hitbox4getBEv called 1 returned 100% blocks executed 100%
        1:   28:double Hitbox::getB() const {
        1:   29:    return _b;
        1:   29-block  0
        -:   30:}
        -:   31:
function _ZNK6Hitbox4getCEv called 1 returned 100% blocks executed 100%
        1:   32:double Hitbox::getC() const {
        1:   33:    return _c;
        1:   33-block  0
        -:   34:}
        -:   35:
function _ZNK6Hitbox4getDEv called 1 returned 100% blocks executed 100%
        1:   36:double Hitbox::getD() const {
        1:   37:    return _d;
        1:   37-block  0
        -:   38:}
        -:   39:
function _ZN6Hitbox6effectEP4Ball called 1 returned 100% blocks executed 100%
        1:   40:void Hitbox::effect(Ball* ball) {
        1:   41:    return _hitboxEffect->effect(ball);
        1:   41-block  0
call    0 returned 1
call    1 returned 1
        -:   42:}
