        -:    0:Source:C:/Users/navid/CLionProjects/ProjectTT/src/main.cpp
        -:    0:Graph:C:\Users\navid\CLionProjects\ProjectTT\cmake-build-debug-coverage\CMakeFiles\ProjectTT.dir\src\main.cpp.gcno
        -:    0:Data:C:\Users\navid\CLionProjects\ProjectTT\cmake-build-debug-coverage\CMakeFiles\ProjectTT.dir\src\main.cpp.gcda
        -:    0:Runs:1
        -:    0:Programs:1
        -:    1:#include <stdio.h>
        -:    2:#include <memory>
        -:    3:#include <windows.h>
        -:    4:
        -:    5:#include "Window.h"
        -:    6:#include "GameEngine/GameEngine.h"
        -:    7:
        -:    8:#undef main
        -:    9:
        -:   10:using namespace std;
        -:   11:
function main called 1 returned 100% blocks executed 51%
        1:   12:int main( int argc, char *argv[] )
        -:   13:{
        3:   14:    Window window("test", 1000, 700);
        1:   14-block  0
call    0 returned 1
call    1 returned 1
branch  2 taken 1 (fallthrough)
branch  3 taken 0 (throw)
        1:   14-block  1
call    4 returned 1
branch  5 taken 1 (fallthrough)
branch  6 taken 0 (throw)
call    7 returned 1
call    8 returned 1
    $$$$$:   14-block  2
    $$$$$:   14-block  3
    $$$$$:   14-block  4
call    9 never executed
        -:   15:
        1:   16:    window.drawIMG(0, 0, "fond.png");
call    0 returned 1
call    1 returned 1
branch  2 taken 1 (fallthrough)
branch  3 taken 0 (throw)
        1:   16-block  0
call    4 returned 1
branch  5 taken 1 (fallthrough)
branch  6 taken 0 (throw)
        1:   16-block  1
call    7 returned 1
call    8 returned 1
    $$$$$:   16-block  2
call    9 never executed
    $$$$$:   16-block  3
    $$$$$:   16-block  4
call   10 never executed
    $$$$$:   16-block  5
        1:   17:    window.refresh();
call    0 returned 1
branch  1 taken 1 (fallthrough)
branch  2 taken 0 (throw)
        -:   18:
        2:   19:    DisplayerConnection displayerConnection(&window);
        1:   19-block  0
call    0 returned 1
branch  1 taken 1 (fallthrough)
branch  2 taken 0 (throw)
call    3 returned 1
    $$$$$:   19-block  1
call    4 never executed
        -:   20:
        1:   21:    PhysicRuler physicRuler(new Ball(), &displayerConnection);
        1:   21-block  0
call    0 returned 1
branch  1 taken 1 (fallthrough)
branch  2 taken 0 (throw)
        1:   21-block  1
call    3 returned 1
branch  4 taken 1 (fallthrough)
branch  5 taken 0 (throw)
        1:   21-block  2
call    6 returned 1
branch  7 taken 1 (fallthrough)
branch  8 taken 0 (throw)
    $$$$$:   21-block  3
call    9 never executed
    $$$$$:   21-block  4
call   10 never executed
        1:   22:    physicRuler.addHitbox(new Hitbox(0, 0, 500, 500, false, new ChangeTrajectoryEffect(drop)), "table");
        1:   22-block  0
call    0 returned 1
call    1 returned 1
branch  2 taken 1 (fallthrough)
branch  3 taken 0 (throw)
        1:   22-block  1
call    4 returned 1
branch  5 taken 1 (fallthrough)
branch  6 taken 0 (throw)
        1:   22-block  2
call    7 returned 1
branch  8 taken 1 (fallthrough)
branch  9 taken 0 (throw)
        1:   22-block  3
call   10 returned 1
branch 11 taken 1 (fallthrough)
branch 12 taken 0 (throw)
        1:   22-block  4
call   13 returned 1
branch 14 taken 1 (fallthrough)
branch 15 taken 0 (throw)
        1:   22-block  5
call   16 returned 1
branch 17 taken 1 (fallthrough)
branch 18 taken 0 (throw)
        1:   22-block  6
call   19 returned 1
call   20 returned 1
    $$$$$:   22-block  7
call   21 never executed
    $$$$$:   22-block  8
call   22 never executed
    $$$$$:   22-block  9
call   23 never executed
    $$$$$:   22-block 10
    $$$$$:   22-block 11
call   24 never executed
    $$$$$:   22-block 12
        1:   23:    Sleep(5000);
call    0 returned 1
branch  1 taken 1 (fallthrough)
branch  2 taken 0 (throw)
        1:   24:    return 0;
        1:   24-block  0
call    0 returned 1
        -:   25:}
